2025-10-16 20:18:30,137 INFO o.a.j.u.JMeterUtils: Setting Locale to en_EN
2025-10-16 20:18:30,163 INFO o.a.j.JMeter: Loading user properties from: C:\JMeter\JMeter\bin\user.properties
2025-10-16 20:18:30,164 INFO o.a.j.JMeter: Loading system properties from: C:\JMeter\JMeter\bin\system.properties
2025-10-16 20:18:30,171 INFO o.a.j.JMeter: Copyright (c) 1998-2024 The Apache Software Foundation
2025-10-16 20:18:30,171 INFO o.a.j.JMeter: Version 5.6.3
2025-10-16 20:18:30,172 INFO o.a.j.JMeter: java.version=21.0.5
2025-10-16 20:18:30,172 INFO o.a.j.JMeter: java.vm.name=Java HotSpot(TM) 64-Bit Server VM
2025-10-16 20:18:30,172 INFO o.a.j.JMeter: os.name=Windows 10
2025-10-16 20:18:30,172 INFO o.a.j.JMeter: os.arch=amd64
2025-10-16 20:18:30,172 INFO o.a.j.JMeter: os.version=10.0
2025-10-16 20:18:30,172 INFO o.a.j.JMeter: file.encoding=UTF-8
2025-10-16 20:18:30,172 INFO o.a.j.JMeter: java.awt.headless=null
2025-10-16 20:18:30,172 INFO o.a.j.JMeter: Max memory     =1073741824
2025-10-16 20:18:30,173 INFO o.a.j.JMeter: Available Processors =16
2025-10-16 20:18:30,187 INFO o.a.j.JMeter: Default Locale=English (EN)
2025-10-16 20:18:30,188 INFO o.a.j.JMeter: JMeter  Locale=English (EN)
2025-10-16 20:18:30,188 INFO o.a.j.JMeter: JMeterHome=C:\JMeter\JMeter
2025-10-16 20:18:30,188 INFO o.a.j.JMeter: user.dir  =C:\Github\IniaProject\middleware
2025-10-16 20:18:30,188 INFO o.a.j.JMeter: PWD       =C:\Github\IniaProject\middleware
2025-10-16 20:18:30,192 INFO o.a.j.JMeter: IP: 10.124.226.241 Name: DESKTOP-R9MV33J FullName: DESKTOP-R9MV33J
